<?xml version="1.0" encoding="UTF-8"?>
<!-- Generated by org.testng.reporters.JUnitReportReporter -->
<testsuite skipped="0" hostname="osboxes" name="TestNGEx.test.NewTest1" tests="1" failures="0" timestamp="17 Feb 2019 12:58:49 GMT" time="0.779" errors="0">
  <testcase name="ValidatePortal" time="0.779" classname="TestNGEx.test.NewTest1"/>
</testsuite> <!-- TestNGEx.test.NewTest1 -->
